tess-two/build/outputs/logs/manifest-merger-debug-report.txt
-- Merging decision tree log ---
manifest
ADDED from WineHunter\tess-two\AndroidManifest.xml:17:1-20:12
INJECTED from WineHunter\tess-two\AndroidManifest.xml:17:1-20:12
INJECTED from WineHunter\tess-two\AndroidManifest.xml:17:1-20:12
INJECTED from WineHunter\tess-two\AndroidManifest.xml:17:1-20:12
INJECTED from WineHunter\tess-two\AndroidManifest.xml:17:1-20:12
INJECTED from WineHunter\tess-two\AndroidManifest.xml:17:1-20:12
INJECTED from WineHunter\tess-two\AndroidManifest.xml:17:1-20:12
	package
		ADDED from WineHunter\tess-two\AndroidManifest.xml:18:5-47
		INJECTED from WineHunter\tess-two\AndroidManifest.xml
		INJECTED from WineHunter\tess-two\AndroidManifest.xml
	android:versionName
		ADDED from WineHunter\tess-two\AndroidManifest.xml:18:72-97
		INJECTED from WineHunter\tess-two\AndroidManifest.xml
		INJECTED from WineHunter\tess-two\AndroidManifest.xml
	xmlns:android
		ADDED from WineHunter\tess-two\AndroidManifest.xml:17:11-69
	android:versionCode
		ADDED from WineHunter\tess-two\AndroidManifest.xml:18:48-71
		INJECTED from WineHunter\tess-two\AndroidManifest.xml
		INJECTED from WineHunter\tess-two\AndroidManifest.xml
uses-sdk
INJECTED from WineHunter\tess-two\AndroidManifest.xml reason: use-sdk injection requested
INJECTED from WineHunter\tess-two\AndroidManifest.xml
INJECTED from WineHunter\tess-two\AndroidManifest.xml
INJECTED from WineHunter\tess-two\AndroidManifest.xml
INJECTED from WineHunter\tess-two\AndroidManifest.xml
	android:targetSdkVersion
		INJECTED from WineHunter\tess-two\AndroidManifest.xml
		ADDED from WineHunter\tess-two\AndroidManifest.xml
		INJECTED from WineHunter\tess-two\AndroidManifest.xml
	android:minSdkVersion
		INJECTED from WineHunter\tess-two\AndroidManifest.xml
		ADDED from WineHunter\tess-two\AndroidManifest.xml
		INJECTED from WineHunter\tess-two\AndroidManifest.xml